2024-08-22 18:32:51 [[32minfo[39m]: ::1 - - [22/Aug/2024:17:32:51 +0000] "POST /v1/auth HTTP/1.1" 422 - "-" "PostmanRuntime/7.41.1"
2024-08-22 18:33:05 [[32minfo[39m]: ::1 - - [22/Aug/2024:17:33:05 +0000] "POST /v1/auth HTTP/1.1" 422 - "-" "PostmanRuntime/7.41.1"
2024-08-22 18:33:23 [[32minfo[39m]: ::1 - - [22/Aug/2024:17:33:23 +0000] "POST /v1/auth HTTP/1.1" 422 - "-" "PostmanRuntime/7.41.1"
2024-08-22 18:33:27 [[32minfo[39m]: ::1 - - [22/Aug/2024:17:33:27 +0000] "POST /v1/auth HTTP/1.1" 422 - "-" "PostmanRuntime/7.41.1"
2024-08-22 18:33:36 [[32minfo[39m]: ::1 - - [22/Aug/2024:17:33:36 +0000] "POST /v1/auth HTTP/1.1" 422 - "-" "PostmanRuntime/7.41.1"
2024-08-22 18:33:56 [[32minfo[39m]: ::1 - - [22/Aug/2024:17:33:56 +0000] "POST /v1/auth HTTP/1.1" 422 - "-" "PostmanRuntime/7.41.1"
2024-08-22 18:34:02 [[32minfo[39m]: ::1 - - [22/Aug/2024:17:34:02 +0000] "POST /v1/auth HTTP/1.1" 422 - "-" "PostmanRuntime/7.41.1"
2024-08-22 18:34:11 [[32minfo[39m]: ::1 - - [22/Aug/2024:17:34:11 +0000] "POST /v1/auth HTTP/1.1" 201 - "-" "PostmanRuntime/7.41.1"
2024-08-22 18:34:52 [[32minfo[39m]: ::1 - - [22/Aug/2024:17:34:52 +0000] "POST /v1/auth/login HTTP/1.1" 422 - "-" "PostmanRuntime/7.41.1"
2024-08-22 18:35:28 [[32minfo[39m]: ::1 - - [22/Aug/2024:17:35:28 +0000] "POST /v1/auth/login HTTP/1.1" 401 - "-" "PostmanRuntime/7.41.1"
2024-08-22 18:35:51 [[32minfo[39m]: ::1 - - [22/Aug/2024:17:35:51 +0000] "POST /v1/auth/login HTTP/1.1" 200 - "-" "PostmanRuntime/7.41.1"
2024-08-22 18:35:56 [[32minfo[39m]: ::1 - - [22/Aug/2024:17:35:56 +0000] "POST /v1/auth/login HTTP/1.1" 401 - "-" "PostmanRuntime/7.41.1"
2024-08-22 18:36:10 [[32minfo[39m]: ::1 - - [22/Aug/2024:17:36:10 +0000] "POST /v1/auth/login HTTP/1.1" 200 - "-" "PostmanRuntime/7.41.1"
2024-08-22 18:37:10 [[32minfo[39m]: ::1 - - [22/Aug/2024:17:37:10 +0000] "POST /v1/auth/login HTTP/1.1" 200 - "-" "PostmanRuntime/7.41.1"
2024-08-22 21:30:24 [[32minfo[39m]: ::1 - - [22/Aug/2024:20:30:24 +0000] "POST /v1/taks HTTP/1.1" 404 - "-" "PostmanRuntime/7.41.1"
2024-08-22 21:30:49 [[32minfo[39m]: ::1 - - [22/Aug/2024:20:30:49 +0000] "POST /v1/taks HTTP/1.1" 404 - "-" "PostmanRuntime/7.41.1"
2024-08-22 21:30:54 [[32minfo[39m]: ::1 - - [22/Aug/2024:20:30:54 +0000] "POST /v1/tasks HTTP/1.1" 403 - "-" "PostmanRuntime/7.41.1"
2024-08-22 21:31:00 [[32minfo[39m]: ::1 - - [22/Aug/2024:20:31:00 +0000] "POST /v1/auth/login HTTP/1.1" 200 - "-" "PostmanRuntime/7.41.1"
2024-08-22 21:31:03 [[32minfo[39m]: ::1 - - [22/Aug/2024:20:31:03 +0000] "POST /v1/tasks HTTP/1.1" 422 - "-" "PostmanRuntime/7.41.1"
2024-08-22 21:31:18 [[32minfo[39m]: ::1 - - [22/Aug/2024:20:31:18 +0000] "POST /v1/tasks HTTP/1.1" 500 - "-" "PostmanRuntime/7.41.1"
2024-08-22 21:31:48 [[32minfo[39m]: ::1 - - [22/Aug/2024:20:31:48 +0000] "POST /v1/tasks HTTP/1.1" 201 - "-" "PostmanRuntime/7.41.1"
2024-08-22 21:32:43 [[32minfo[39m]: ::1 - - [22/Aug/2024:20:32:43 +0000] "POST /v1/tasks HTTP/1.1" 422 - "-" "PostmanRuntime/7.41.1"
2024-08-22 21:33:16 [[32minfo[39m]: ::1 - - [22/Aug/2024:20:33:16 +0000] "POST /v1/tasks HTTP/1.1" 500 - "-" "PostmanRuntime/7.41.1"
2024-08-22 21:34:23 [[32minfo[39m]: ::1 - - [22/Aug/2024:20:34:23 +0000] "POST /v1/tasks HTTP/1.1" 201 - "-" "PostmanRuntime/7.41.1"
2024-08-22 21:34:55 [[32minfo[39m]: ::1 - - [22/Aug/2024:20:34:55 +0000] "POST /v1/tasks HTTP/1.1" 422 - "-" "PostmanRuntime/7.41.1"
2024-08-22 21:35:24 [[32minfo[39m]: ::1 - - [22/Aug/2024:20:35:24 +0000] "POST /v1/tasks HTTP/1.1" 422 - "-" "PostmanRuntime/7.41.1"
2024-08-22 21:35:36 [[32minfo[39m]: ::1 - - [22/Aug/2024:20:35:36 +0000] "POST /v1/tasks HTTP/1.1" 422 - "-" "PostmanRuntime/7.41.1"
2024-08-22 21:35:48 [[32minfo[39m]: ::1 - - [22/Aug/2024:20:35:48 +0000] "POST /v1/tasks HTTP/1.1" 422 - "-" "PostmanRuntime/7.41.1"
2024-08-22 21:38:22 [[32minfo[39m]: ::1 - - [22/Aug/2024:20:38:22 +0000] "POST /v1/tasks HTTP/1.1" 201 - "-" "PostmanRuntime/7.41.1"
2024-08-22 21:51:42 [[32minfo[39m]: ::1 - - [22/Aug/2024:20:51:42 +0000] "GET /v1/tasks/assign/users/a725aaed-b80a-4487-a06f-fe2b4f0568fa HTTP/1.1" 404 - "-" "PostmanRuntime/7.41.1"
2024-08-22 21:52:01 [[32minfo[39m]: ::1 - - [22/Aug/2024:20:52:01 +0000] "GET /v1/tasks/assign/users/a725aaed-b80a-4487-a06f-fe2b4f0568fa HTTP/1.1" 403 - "-" "PostmanRuntime/7.41.1"
2024-08-22 21:52:09 [[32minfo[39m]: ::1 - - [22/Aug/2024:20:52:09 +0000] "POST /v1/auth/login HTTP/1.1" 200 - "-" "PostmanRuntime/7.41.1"
2024-08-22 21:52:12 [[32minfo[39m]: ::1 - - [22/Aug/2024:20:52:12 +0000] "GET /v1/tasks/assign/users/a725aaed-b80a-4487-a06f-fe2b4f0568fa HTTP/1.1" 200 - "-" "PostmanRuntime/7.41.1"
2024-08-22 21:53:00 [[32minfo[39m]: ::1 - - [22/Aug/2024:20:53:00 +0000] "GET /v1/tasks/assign/users/a725aaed-b80a-4487-a06f-fe2b4f0568fa HTTP/1.1" 200 - "-" "PostmanRuntime/7.41.1"
2024-08-23 11:05:50 [[32minfo[39m]: ::1 - - [23/Aug/2024:10:05:50 +0000] "GET / HTTP/1.1" 200 - "-" "Mozilla/5.0 (Windows NT 10.0; Win64; x64) AppleWebKit/537.36 (KHTML, like Gecko) Chrome/127.0.0.0 Safari/537.36"
2024-08-23 11:05:50 [[32minfo[39m]: ::1 - - [23/Aug/2024:10:05:50 +0000] "GET /favicon.ico HTTP/1.1" 404 - "-" "Mozilla/5.0 (Windows NT 10.0; Win64; x64) AppleWebKit/537.36 (KHTML, like Gecko) Chrome/127.0.0.0 Safari/537.36"
2024-08-23 11:05:59 [[32minfo[39m]: ::1 - - [23/Aug/2024:10:05:59 +0000] "POST /v1/auth/login HTTP/1.1" 200 - "-" "PostmanRuntime/7.41.1"
2024-08-23 11:06:16 [[32minfo[39m]: ::1 - - [23/Aug/2024:10:06:16 +0000] "GET /v1/tasks/59b4053d-f290-4756-a875-e21688a1379b HTTP/1.1" 200 - "-" "PostmanRuntime/7.41.1"
2024-08-23 11:07:36 [[32minfo[39m]: ::1 - - [23/Aug/2024:10:07:36 +0000] "GET /v1/tasks/assign/users/a725aaed-b80a-4487-a06f-fe2b4f0568fa HTTP/1.1" 200 - "-" "PostmanRuntime/7.41.1"
2024-08-23 11:11:39 [[32minfo[39m]: ::1 - - [23/Aug/2024:10:11:39 +0000] "PUT /v1/tasks/59b4053d-f290-4756-a875-e21688a1379b/assign/users/ HTTP/1.1" 422 - "-" "PostmanRuntime/7.41.1"
2024-08-23 11:11:47 [[32minfo[39m]: ::1 - - [23/Aug/2024:10:11:47 +0000] "PUT /v1/tasks/59b4053d-f290-4756-a875-e21688a1379b/assign/users/ HTTP/1.1" 404 - "-" "PostmanRuntime/7.41.1"
2024-08-23 11:12:10 [[32minfo[39m]: ::1 - - [23/Aug/2024:10:12:10 +0000] "POST /v1/auth HTTP/1.1" 409 - "-" "PostmanRuntime/7.41.1"
2024-08-23 11:12:18 [[32minfo[39m]: ::1 - - [23/Aug/2024:10:12:18 +0000] "POST /v1/auth HTTP/1.1" 201 - "-" "PostmanRuntime/7.41.1"
2024-08-23 11:13:32 [[32minfo[39m]: ::1 - - [23/Aug/2024:10:13:32 +0000] "PUT /v1/tasks/59b4053d-f290-4756-a875-e21688a1379b/assign/users/ HTTP/1.1" 404 - "-" "PostmanRuntime/7.41.1"
2024-08-23 11:13:50 [[32minfo[39m]: ::1 - - [23/Aug/2024:10:13:50 +0000] "POST /v1/tasks HTTP/1.1" 201 - "-" "PostmanRuntime/7.41.1"
2024-08-23 11:14:04 [[32minfo[39m]: ::1 - - [23/Aug/2024:10:14:04 +0000] "GET /v1/tasks/assign/users/6c1aa66d-8118-48e6-918a-1e322385d3bb HTTP/1.1" 200 - "-" "PostmanRuntime/7.41.1"
2024-08-23 11:14:10 [[32minfo[39m]: ::1 - - [23/Aug/2024:10:14:10 +0000] "POST /v1/auth/login HTTP/1.1" 200 - "-" "PostmanRuntime/7.41.1"
2024-08-23 11:14:19 [[32minfo[39m]: ::1 - - [23/Aug/2024:10:14:19 +0000] "PUT /v1/tasks/59b4053d-f290-4756-a875-e21688a1379b/assign/users/ HTTP/1.1" 200 - "-" "PostmanRuntime/7.41.1"
2024-08-23 11:14:35 [[32minfo[39m]: ::1 - - [23/Aug/2024:10:14:35 +0000] "GET /v1/tasks/59b4053d-f290-4756-a875-e21688a1379b HTTP/1.1" 200 - "-" "PostmanRuntime/7.41.1"
2024-08-23 11:14:40 [[32minfo[39m]: ::1 - - [23/Aug/2024:10:14:40 +0000] "GET /v1/tasks/59b4053d-f290-4756-a875-e21688a1379b HTTP/1.1" 200 - "-" "PostmanRuntime/7.41.1"
2024-08-23 20:32:05 [[32minfo[39m]: ::1 - - [23/Aug/2024:19:32:05 +0000] "POST /v1/auth/login HTTP/1.1" 200 - "-" "PostmanRuntime/7.41.1"
2024-08-23 20:32:26 [[32minfo[39m]: ::1 - - [23/Aug/2024:19:32:26 +0000] "GET /v1/tasks/assign/users/6c1aa66d-8118-48e6-918a-1e322385d3bb HTTP/1.1" 200 - "-" "PostmanRuntime/7.41.1"
2024-08-23 20:33:29 [[32minfo[39m]: ::1 - - [23/Aug/2024:19:33:29 +0000] "DELETE /v1/tasks/:id HTTP/1.1" 404 - "-" "PostmanRuntime/7.41.1"
2024-08-23 20:33:45 [[32minfo[39m]: ::1 - - [23/Aug/2024:19:33:45 +0000] "DELETE /v1/tasks/59b4053d-f290-4756-a875-e21688a1379b HTTP/1.1" 204 - "-" "PostmanRuntime/7.41.1"
2024-08-23 20:33:56 [[32minfo[39m]: ::1 - - [23/Aug/2024:19:33:56 +0000] "GET /v1/tasks/assign/users/6c1aa66d-8118-48e6-918a-1e322385d3bb HTTP/1.1" 200 - "-" "PostmanRuntime/7.41.1"
2024-08-23 20:34:56 [[32minfo[39m]: ::1 - - [23/Aug/2024:19:34:56 +0000] "GET /v1/tasks/assign/users/6c1aa66d-8118-48e6-918a-1e322385d3bb HTTP/1.1" 200 - "-" "PostmanRuntime/7.41.1"
2024-08-23 20:35:55 [[32minfo[39m]: ::1 - - [23/Aug/2024:19:35:55 +0000] "GET /v1/tasks/59b4053d-f290-4756-a875-e21688a1379b HTTP/1.1" 404 - "-" "PostmanRuntime/7.41.1"
2024-08-23 20:36:14 [[32minfo[39m]: ::1 - - [23/Aug/2024:19:36:14 +0000] "PUT /v1/tasks/59b4053d-f290-4756-a875-e21688a1379b/assign/users/ HTTP/1.1" 404 - "-" "PostmanRuntime/7.41.1"
2024-08-23 20:36:26 [[32minfo[39m]: ::1 - - [23/Aug/2024:19:36:26 +0000] "DELETE /v1/tasks/59b4053d-f290-4756-a875-e21688a1379b HTTP/1.1" 404 - "-" "PostmanRuntime/7.41.1"
2024-08-23 20:36:44 [[32minfo[39m]: ::1 - - [23/Aug/2024:19:36:44 +0000] "POST /v1/tasks HTTP/1.1" 201 - "-" "PostmanRuntime/7.41.1"
2024-08-23 20:37:01 [[32minfo[39m]: ::1 - - [23/Aug/2024:19:37:01 +0000] "GET /v1/tasks/59b4053d-f290-4756-a875-e21688a1379b HTTP/1.1" 404 - "-" "PostmanRuntime/7.41.1"
2024-08-23 20:37:17 [[32minfo[39m]: ::1 - - [23/Aug/2024:19:37:17 +0000] "GET /v1/tasks/59b4053d-f290-4756-a875-e21688a1379b HTTP/1.1" 404 - "-" "PostmanRuntime/7.41.1"
2024-08-23 20:37:32 [[32minfo[39m]: ::1 - - [23/Aug/2024:19:37:32 +0000] "GET /v1/tasks/29cc0a9c-0ec0-407f-bb51-f453954f3f8f HTTP/1.1" 200 - "-" "PostmanRuntime/7.41.1"
2024-08-23 20:37:47 [[32minfo[39m]: ::1 - - [23/Aug/2024:19:37:47 +0000] "PUT /v1/tasks/29cc0a9c-0ec0-407f-bb51-f453954f3f8f/assign/users/ HTTP/1.1" 200 - "-" "PostmanRuntime/7.41.1"
2024-08-23 20:37:56 [[32minfo[39m]: ::1 - - [23/Aug/2024:19:37:56 +0000] "GET /v1/tasks/29cc0a9c-0ec0-407f-bb51-f453954f3f8f HTTP/1.1" 200 - "-" "PostmanRuntime/7.41.1"
2024-08-23 20:38:07 [[32minfo[39m]: ::1 - - [23/Aug/2024:19:38:07 +0000] "DELETE /v1/tasks/29cc0a9c-0ec0-407f-bb51-f453954f3f8f HTTP/1.1" 204 - "-" "PostmanRuntime/7.41.1"
2024-08-23 20:40:03 [[32minfo[39m]: ::1 - - [23/Aug/2024:19:40:03 +0000] "POST /v1/tasks HTTP/1.1" 422 - "-" "PostmanRuntime/7.41.1"
2024-08-23 20:40:12 [[32minfo[39m]: ::1 - - [23/Aug/2024:19:40:12 +0000] "POST /v1/tasks HTTP/1.1" 422 - "-" "PostmanRuntime/7.41.1"
2024-08-23 20:40:26 [[32minfo[39m]: ::1 - - [23/Aug/2024:19:40:26 +0000] "POST /v1/tasks HTTP/1.1" 422 - "-" "PostmanRuntime/7.41.1"
2024-08-23 20:40:43 [[32minfo[39m]: ::1 - - [23/Aug/2024:19:40:43 +0000] "POST /v1/tasks HTTP/1.1" 201 - "-" "PostmanRuntime/7.41.1"
2024-08-23 21:36:43 [[32minfo[39m]: ::1 - - [23/Aug/2024:20:36:43 +0000] "PUT /v1/tags/tasks/5b2a6d86-9304-4613-b556-9eda379ff1e1 HTTP/1.1" 403 - "-" "PostmanRuntime/7.41.1"
2024-08-23 21:36:49 [[32minfo[39m]: ::1 - - [23/Aug/2024:20:36:49 +0000] "POST /v1/auth/login HTTP/1.1" 200 - "-" "PostmanRuntime/7.41.1"
2024-08-23 21:36:51 [[32minfo[39m]: ::1 - - [23/Aug/2024:20:36:51 +0000] "PUT /v1/tags/tasks/5b2a6d86-9304-4613-b556-9eda379ff1e1 HTTP/1.1" 422 - "-" "PostmanRuntime/7.41.1"
2024-08-23 21:37:04 [[32minfo[39m]: ::1 - - [23/Aug/2024:20:37:04 +0000] "PUT /v1/tags/tasks/5b2a6d86-9304-4613-b556-9eda379ff1e1 HTTP/1.1" 200 - "-" "PostmanRuntime/7.41.1"
2024-08-23 21:37:48 [[32minfo[39m]: ::1 - - [23/Aug/2024:20:37:48 +0000] "GET /v1/tags/tasks/5b2a6d86-9304-4613-b556-9eda379ff1e1 HTTP/1.1" 200 - "-" "PostmanRuntime/7.41.1"
2024-08-23 21:38:01 [[32minfo[39m]: ::1 - - [23/Aug/2024:20:38:01 +0000] "PUT /v1/tags/tasks/5b2a6d86-9304-4613-b556-9eda379ff1e1 HTTP/1.1" 500 - "-" "PostmanRuntime/7.41.1"
2024-08-23 21:43:18 [[32minfo[39m]: ::1 - - [23/Aug/2024:20:43:18 +0000] "PUT /v1/tags/tasks/5b2a6d86-9304-4613-b556-9eda379ff1e1 HTTP/1.1" 500 - "-" "PostmanRuntime/7.41.1"
2024-08-23 21:44:04 [[32minfo[39m]: ::1 - - [23/Aug/2024:20:44:04 +0000] "PUT /v1/tags/tasks/5b2a6d86-9304-4613-b556-9eda379ff1e1 HTTP/1.1" 400 - "-" "PostmanRuntime/7.41.1"
2024-08-23 21:44:36 [[32minfo[39m]: ::1 - - [23/Aug/2024:20:44:36 +0000] "PUT /v1/tags/tasks/5b2a6d86-9304-4613-b556-9eda379ff1e1 HTTP/1.1" 200 - "-" "PostmanRuntime/7.41.1"
2024-08-23 21:44:39 [[32minfo[39m]: ::1 - - [23/Aug/2024:20:44:39 +0000] "PUT /v1/tags/tasks/5b2a6d86-9304-4613-b556-9eda379ff1e1 HTTP/1.1" 400 - "-" "PostmanRuntime/7.41.1"
2024-08-23 21:45:28 [[32minfo[39m]: ::1 - - [23/Aug/2024:20:45:28 +0000] "GET /v1/tags/tasks/5b2a6d86-9304-4613-b556-9eda379ff1e1 HTTP/1.1" 200 - "-" "PostmanRuntime/7.41.1"
2024-08-23 21:53:30 [[32minfo[39m]: ::1 - - [23/Aug/2024:20:53:30 +0000] "GET /v1/auth/refresh HTTP/1.1" 404 - "-" "PostmanRuntime/7.41.1"
2024-08-23 21:53:35 [[32minfo[39m]: ::1 - - [23/Aug/2024:20:53:35 +0000] "GET /v1/auth/token HTTP/1.1" 404 - "-" "PostmanRuntime/7.41.1"
2024-08-23 21:54:00 [[32minfo[39m]: ::1 - - [23/Aug/2024:20:54:00 +0000] "GET /v1/auth/tokens/refresh HTTP/1.1" 200 - "-" "PostmanRuntime/7.41.1"
2024-08-23 21:54:33 [[32minfo[39m]: ::1 - - [23/Aug/2024:20:54:33 +0000] "GET /v1/auth/tokens/refresh HTTP/1.1" 200 - "-" "PostmanRuntime/7.41.1"
2024-08-23 21:54:43 [[32minfo[39m]: ::1 - - [23/Aug/2024:20:54:43 +0000] "GET /v1/auth/tokens/refresh HTTP/1.1" 200 - "-" "PostmanRuntime/7.41.1"
2024-08-23 21:54:55 [[32minfo[39m]: ::1 - - [23/Aug/2024:20:54:55 +0000] "GET /v1/tags/tasks/5b2a6d86-9304-4613-b556-9eda379ff1e1 HTTP/1.1" 403 - "-" "PostmanRuntime/7.41.1"
2024-08-23 21:55:01 [[32minfo[39m]: ::1 - - [23/Aug/2024:20:55:01 +0000] "GET /v1/auth/tokens/refresh HTTP/1.1" 200 - "-" "PostmanRuntime/7.41.1"
2024-08-23 21:55:04 [[32minfo[39m]: ::1 - - [23/Aug/2024:20:55:04 +0000] "GET /v1/tags/tasks/5b2a6d86-9304-4613-b556-9eda379ff1e1 HTTP/1.1" 200 - "-" "PostmanRuntime/7.41.1"
2024-08-23 21:56:29 [[32minfo[39m]: ::1 - - [23/Aug/2024:20:56:29 +0000] "GET /v1/tags/tasks/5b2a6d86-9304-4613-b556-9eda379ff1e1 HTTP/1.1" 200 - "-" "PostmanRuntime/7.41.1"
2024-08-23 21:56:33 [[32minfo[39m]: ::1 - - [23/Aug/2024:20:56:33 +0000] "DELETE /v1/tags/tasks/5b2a6d86-9304-4613-b556-9eda379ff1e1 HTTP/1.1" 422 - "-" "PostmanRuntime/7.41.1"
2024-08-23 21:56:46 [[32minfo[39m]: ::1 - - [23/Aug/2024:20:56:46 +0000] "DELETE /v1/tags/tasks/5b2a6d86-9304-4613-b556-9eda379ff1e1 HTTP/1.1" 204 - "-" "PostmanRuntime/7.41.1"
2024-08-23 21:57:10 [[32minfo[39m]: ::1 - - [23/Aug/2024:20:57:10 +0000] "DELETE /v1/tags/tasks/5b2a6d86-9304-4613-b556-9eda379ff1e1 HTTP/1.1" 404 - "-" "PostmanRuntime/7.41.1"
2024-08-23 21:57:27 [[32minfo[39m]: ::1 - - [23/Aug/2024:20:57:27 +0000] "DELETE /v1/tags/tasks/5b2a6d86-9304-4613-b556-9eda379ff1e1 HTTP/1.1" 204 - "-" "PostmanRuntime/7.41.1"
2024-08-23 22:00:33 [[32minfo[39m]: ::1 - - [23/Aug/2024:21:00:33 +0000] "GET /v1/tags/tasks/5b2a6d86-9304-4613-b556-9eda379ff1e1 HTTP/1.1" 200 - "-" "PostmanRuntime/7.41.1"
2024-08-23 22:00:36 [[32minfo[39m]: ::1 - - [23/Aug/2024:21:00:36 +0000] "DELETE /v1/tags/tasks/5b2a6d86-9304-4613-b556-9eda379ff1e1/all HTTP/1.1" 204 - "-" "PostmanRuntime/7.41.1"
2024-08-24 00:22:15 [[32minfo[39m]: ::1 - - [23/Aug/2024:23:22:15 +0000] "GET /v1/comments/tasks/:id HTTP/1.1" 403 - "-" "PostmanRuntime/7.41.1"
2024-08-24 00:22:21 [[32minfo[39m]: ::1 - - [23/Aug/2024:23:22:21 +0000] "GET /v1/auth/tokens/refresh HTTP/1.1" 403 - "-" "PostmanRuntime/7.41.1"
2024-08-24 00:22:45 [[32minfo[39m]: ::1 - - [23/Aug/2024:23:22:45 +0000] "POST /v1/auth/login HTTP/1.1" 200 - "-" "PostmanRuntime/7.41.1"
2024-08-24 00:22:56 [[32minfo[39m]: ::1 - - [23/Aug/2024:23:22:56 +0000] "GET /v1/comments/tasks/:id HTTP/1.1" 404 - "-" "PostmanRuntime/7.41.1"
2024-08-24 00:23:07 [[32minfo[39m]: ::1 - - [23/Aug/2024:23:23:07 +0000] "GET /v1/tasks/assign/users/6c1aa66d-8118-48e6-918a-1e322385d3bb HTTP/1.1" 200 - "-" "PostmanRuntime/7.41.1"
2024-08-24 00:23:18 [[32minfo[39m]: ::1 - - [23/Aug/2024:23:23:18 +0000] "GET /v1/comments/tasks/5104e95d-7c64-45d6-8454-11412c601fd1 HTTP/1.1" 200 - "-" "PostmanRuntime/7.41.1"
2024-08-24 00:23:28 [[32minfo[39m]: ::1 - - [23/Aug/2024:23:23:28 +0000] "PUT /v1/comments/tasks/5104e95d-7c64-45d6-8454-11412c601fd1 HTTP/1.1" 404 - "-" "PostmanRuntime/7.41.1"
2024-08-24 00:23:36 [[32minfo[39m]: ::1 - - [23/Aug/2024:23:23:36 +0000] "POST /v1/comments/tasks/5104e95d-7c64-45d6-8454-11412c601fd1 HTTP/1.1" 500 - "-" "PostmanRuntime/7.41.1"
2024-08-24 00:24:28 [[32minfo[39m]: ::1 - - [23/Aug/2024:23:24:28 +0000] "POST /v1/comments/tasks/5104e95d-7c64-45d6-8454-11412c601fd1 HTTP/1.1" 422 - "-" "PostmanRuntime/7.41.1"
2024-08-24 00:24:49 [[32minfo[39m]: ::1 - - [23/Aug/2024:23:24:49 +0000] "POST /v1/comments/tasks/5104e95d-7c64-45d6-8454-11412c601fd1 HTTP/1.1" 201 - "-" "PostmanRuntime/7.41.1"
2024-08-24 00:25:27 [[32minfo[39m]: ::1 - - [23/Aug/2024:23:25:27 +0000] "GET /v1/comments/tasks/5104e95d-7c64-45d6-8454-11412c601fd1 HTTP/1.1" 200 - "-" "PostmanRuntime/7.41.1"
2024-08-24 00:26:49 [[32minfo[39m]: ::1 - - [23/Aug/2024:23:26:49 +0000] "PUT /v1/comments/11a96f93-aa3b-4ac8-8b64-70916d2e7ac3 HTTP/1.1" 200 - "-" "PostmanRuntime/7.41.1"
2024-08-24 00:26:54 [[32minfo[39m]: ::1 - - [23/Aug/2024:23:26:54 +0000] "GET /v1/comments/tasks/5104e95d-7c64-45d6-8454-11412c601fd1 HTTP/1.1" 200 - "-" "PostmanRuntime/7.41.1"
2024-08-24 00:27:39 [[32minfo[39m]: ::1 - - [23/Aug/2024:23:27:39 +0000] "PUT /v1/comments/11a96f93-aa3b-4ac8-8b64-70916d2e7ac3 HTTP/1.1" 200 - "-" "PostmanRuntime/7.41.1"
2024-08-24 00:27:57 [[32minfo[39m]: ::1 - - [23/Aug/2024:23:27:57 +0000] "PUT /v1/comments/11a96f93-aa3b-4ac8-8b64-70916d2e7ac3 HTTP/1.1" 200 - "-" "PostmanRuntime/7.41.1"
2024-08-24 00:28:16 [[32minfo[39m]: ::1 - - [23/Aug/2024:23:28:16 +0000] "GET /v1/comments/tasks/5104e95d-7c64-45d6-8454-11412c601fd1 HTTP/1.1" 200 - "-" "PostmanRuntime/7.41.1"
2024-08-24 00:30:47 [[32minfo[39m]: ::1 - - [23/Aug/2024:23:30:47 +0000] "GET /v1/comments/tasks/5104e95d-7c64-45d6-8454-11412c601fd1 HTTP/1.1" 200 - "-" "PostmanRuntime/7.41.1"
2024-08-24 00:30:48 [[32minfo[39m]: ::1 - - [23/Aug/2024:23:30:48 +0000] "GET /v1/comments/tasks/5104e95d-7c64-45d6-8454-11412c601fd1 HTTP/1.1" 200 - "-" "PostmanRuntime/7.41.1"
2024-08-24 00:30:53 [[32minfo[39m]: ::1 - - [23/Aug/2024:23:30:53 +0000] "GET /v1/comments/tasks/5104e95d-7c64-45d6-8454-11412c601fd1 HTTP/1.1" 200 - "-" "PostmanRuntime/7.41.1"
2024-08-24 00:30:54 [[32minfo[39m]: ::1 - - [23/Aug/2024:23:30:54 +0000] "GET /v1/comments/tasks/5104e95d-7c64-45d6-8454-11412c601fd1 HTTP/1.1" 200 - "-" "PostmanRuntime/7.41.1"
2024-08-24 00:31:54 [[32minfo[39m]: ::1 - - [23/Aug/2024:23:31:54 +0000] "GET /v1/comments/11a96f93-aa3b-4ac8-8b64-70916d2e7ac3 HTTP/1.1" 404 - "-" "PostmanRuntime/7.41.1"
2024-08-24 00:32:37 [[32minfo[39m]: ::1 - - [23/Aug/2024:23:32:37 +0000] "GET /v1/comments/11a96f93-aa3b-4ac8-8b64-70916d2e7ac3 HTTP/1.1" 200 - "-" "PostmanRuntime/7.41.1"
2024-08-24 00:32:57 [[32minfo[39m]: ::1 - - [23/Aug/2024:23:32:57 +0000] "DELETE /v1/comments/11a96f93-aa3b-4ac8-8b64-70916d2e7ac3 HTTP/1.1" 403 - "-" "PostmanRuntime/7.41.1"
2024-08-24 00:33:01 [[32minfo[39m]: ::1 - - [23/Aug/2024:23:33:01 +0000] "GET /v1/auth/tokens/refresh HTTP/1.1" 200 - "-" "PostmanRuntime/7.41.1"
2024-08-24 00:33:05 [[32minfo[39m]: ::1 - - [23/Aug/2024:23:33:05 +0000] "DELETE /v1/comments/11a96f93-aa3b-4ac8-8b64-70916d2e7ac3 HTTP/1.1" 204 - "-" "PostmanRuntime/7.41.1"
2024-08-24 00:33:09 [[32minfo[39m]: ::1 - - [23/Aug/2024:23:33:09 +0000] "GET /v1/comments/11a96f93-aa3b-4ac8-8b64-70916d2e7ac3 HTTP/1.1" 404 - "-" "PostmanRuntime/7.41.1"
2024-08-25 14:55:45 [[32minfo[39m]: ::1 - - [25/Aug/2024:13:55:45 +0000] "POST /v1/auth/login HTTP/1.1" 200 - "-" "PostmanRuntime/7.41.2"
2024-08-25 14:55:49 [[32minfo[39m]: ::1 - - [25/Aug/2024:13:55:49 +0000] "GET /v1/notifications HTTP/1.1" 200 - "-" "PostmanRuntime/7.41.2"
2024-08-25 15:00:04 [[32minfo[39m]: ::1 - - [25/Aug/2024:14:00:04 +0000] "POST /v1/tasks HTTP/1.1" 201 - "-" "PostmanRuntime/7.41.2"
2024-08-25 15:00:11 [[32minfo[39m]: ::1 - - [25/Aug/2024:14:00:11 +0000] "GET /v1/notifications HTTP/1.1" 200 - "-" "PostmanRuntime/7.41.2"
2024-08-25 15:00:16 [[32minfo[39m]: ::1 - - [25/Aug/2024:14:00:16 +0000] "PUT /v1/tasks/29cc0a9c-0ec0-407f-bb51-f453954f3f8f/assign/users/ HTTP/1.1" 404 - "-" "PostmanRuntime/7.41.2"
2024-08-25 15:00:36 [[32minfo[39m]: ::1 - - [25/Aug/2024:14:00:36 +0000] "PUT /v1/tasks/077f6a6e-a381-4f87-a006-09134eb71afb/assign/users/ HTTP/1.1" 200 - "-" "PostmanRuntime/7.41.2"
2024-08-25 15:00:41 [[32minfo[39m]: ::1 - - [25/Aug/2024:14:00:41 +0000] "GET /v1/notifications HTTP/1.1" 200 - "-" "PostmanRuntime/7.41.2"
2024-08-25 15:04:43 [[32minfo[39m]: ::1 - - [25/Aug/2024:14:04:43 +0000] "POST /v1/auth HTTP/1.1" 409 - "-" "PostmanRuntime/7.41.2"
2024-08-25 15:05:10 [[32minfo[39m]: ::1 - - [25/Aug/2024:14:05:10 +0000] "POST /v1/auth HTTP/1.1" 409 - "-" "PostmanRuntime/7.41.2"
2024-08-25 15:05:22 [[32minfo[39m]: ::1 - - [25/Aug/2024:14:05:22 +0000] "POST /v1/auth HTTP/1.1" 201 - "-" "PostmanRuntime/7.41.2"
2024-08-25 18:16:14 [[32minfo[39m]: ::1 - - [25/Aug/2024:17:16:14 +0000] "POST /v1/auth/login HTTP/1.1" 200 - "-" "PostmanRuntime/7.41.2"
2024-08-25 18:19:57 [[32minfo[39m]: ::1 - - [25/Aug/2024:17:19:57 +0000] "GET /v1/users/ HTTP/1.1" 401 - "-" "PostmanRuntime/7.41.2"
2024-08-25 18:20:08 [[32minfo[39m]: ::1 - - [25/Aug/2024:17:20:08 +0000] "POST /v1/users/ HTTP/1.1" 401 - "-" "PostmanRuntime/7.41.2"
2024-08-25 18:33:43 [[32minfo[39m]: ::1 - - [25/Aug/2024:17:33:43 +0000] "POST /v1/auth/login HTTP/1.1" 200 - "-" "PostmanRuntime/7.41.2"
2024-08-25 18:33:52 [[32minfo[39m]: ::1 - - [25/Aug/2024:17:33:52 +0000] "POST /v1/users/ HTTP/1.1" 422 - "-" "PostmanRuntime/7.41.2"
2024-08-25 18:34:02 [[32minfo[39m]: ::1 - - [25/Aug/2024:17:34:02 +0000] "POST /v1/users/ HTTP/1.1" 422 - "-" "PostmanRuntime/7.41.2"
2024-08-25 18:34:10 [[32minfo[39m]: ::1 - - [25/Aug/2024:17:34:10 +0000] "POST /v1/users/ HTTP/1.1" 422 - "-" "PostmanRuntime/7.41.2"
2024-08-25 18:34:15 [[32minfo[39m]: ::1 - - [25/Aug/2024:17:34:15 +0000] "POST /v1/users/ HTTP/1.1" 409 - "-" "PostmanRuntime/7.41.2"
2024-08-25 18:34:20 [[32minfo[39m]: ::1 - - [25/Aug/2024:17:34:20 +0000] "POST /v1/users/ HTTP/1.1" 409 - "-" "PostmanRuntime/7.41.2"
2024-08-25 18:34:26 [[32minfo[39m]: ::1 - - [25/Aug/2024:17:34:26 +0000] "POST /v1/users/ HTTP/1.1" 200 - "-" "PostmanRuntime/7.41.2"
2024-08-25 18:34:49 [[32minfo[39m]: ::1 - - [25/Aug/2024:17:34:49 +0000] "GET /v1/user/ HTTP/1.1" 404 - "-" "PostmanRuntime/7.41.2"
2024-08-25 18:34:55 [[32minfo[39m]: ::1 - - [25/Aug/2024:17:34:55 +0000] "GET /v1/users/me HTTP/1.1" 200 - "-" "PostmanRuntime/7.41.2"
2024-08-25 18:36:14 [[32minfo[39m]: ::1 - - [25/Aug/2024:17:36:14 +0000] "GET /v1/users HTTP/1.1" 200 - "-" "PostmanRuntime/7.41.2"
2024-08-25 18:38:22 [[32minfo[39m]: ::1 - - [25/Aug/2024:17:38:22 +0000] "GET /v1/users HTTP/1.1" 200 - "-" "PostmanRuntime/7.41.2"
2024-08-25 18:45:00 [[32minfo[39m]: ::1 - - [25/Aug/2024:17:45:00 +0000] "GET /v1/comments/tasks/5104e95d-7c64-45d6-8454-11412c601fd1 HTTP/1.1" 403 - "-" "PostmanRuntime/7.41.2"
2024-08-25 18:45:09 [[32minfo[39m]: ::1 - - [25/Aug/2024:17:45:09 +0000] "GET /v1/auth/tokens/refresh HTTP/1.1" 200 - "-" "PostmanRuntime/7.41.2"
2024-08-25 18:45:16 [[32minfo[39m]: ::1 - - [25/Aug/2024:17:45:16 +0000] "GET /v1/comments/tasks/5104e95d-7c64-45d6-8454-11412c601fd1 HTTP/1.1" 200 - "-" "PostmanRuntime/7.41.2"
2024-08-25 18:45:31 [[32minfo[39m]: ::1 - - [25/Aug/2024:17:45:31 +0000] "POST /v1/auth/login HTTP/1.1" 200 - "-" "PostmanRuntime/7.41.2"
2024-08-25 18:45:38 [[32minfo[39m]: ::1 - - [25/Aug/2024:17:45:38 +0000] "GET /v1/tasks/assign/users/6c1aa66d-8118-48e6-918a-1e322385d3bb HTTP/1.1" 200 - "-" "PostmanRuntime/7.41.2"
2024-08-25 18:46:07 [[32minfo[39m]: ::1 - - [25/Aug/2024:17:46:07 +0000] "POST /v1/comments/tasks/5104e95d-7c64-45d6-8454-11412c601fd1 HTTP/1.1" 201 - "-" "PostmanRuntime/7.41.2"
2024-08-25 18:46:14 [[32minfo[39m]: ::1 - - [25/Aug/2024:17:46:14 +0000] "GET /v1/comments/tasks/5104e95d-7c64-45d6-8454-11412c601fd1 HTTP/1.1" 200 - "-" "PostmanRuntime/7.41.2"
2024-08-25 18:46:27 [[32minfo[39m]: ::1 - - [25/Aug/2024:17:46:27 +0000] "POST /v1/auth/login HTTP/1.1" 200 - "-" "PostmanRuntime/7.41.2"
2024-08-25 18:46:37 [[32minfo[39m]: ::1 - - [25/Aug/2024:17:46:37 +0000] "GET /v1/comments/tasks/5104e95d-7c64-45d6-8454-11412c601fd1 HTTP/1.1" 200 - "-" "PostmanRuntime/7.41.2"
2024-08-25 18:48:31 [[32minfo[39m]: ::1 - - [25/Aug/2024:17:48:31 +0000] "DELETE /v1/comments/5899502a-f616-4bff-ab35-8ce74d939ed1 HTTP/1.1" 204 - "-" "PostmanRuntime/7.41.2"
2024-08-25 18:48:42 [[32minfo[39m]: ::1 - - [25/Aug/2024:17:48:42 +0000] "GET /v1/comments/tasks/5104e95d-7c64-45d6-8454-11412c601fd1 HTTP/1.1" 200 - "-" "PostmanRuntime/7.41.2"
2024-08-25 18:48:59 [[32minfo[39m]: ::1 - - [25/Aug/2024:17:48:59 +0000] "GET /v1/comments/tasks/5104e95d-7c64-45d6-8454-11412c601fd1 HTTP/1.1" 200 - "-" "PostmanRuntime/7.41.2"
2024-08-25 20:32:01 [[32minfo[39m]: ::1 - - [25/Aug/2024:19:32:01 +0000] "POST /v1/auth/login HTTP/1.1" 200 - "-" "PostmanRuntime/7.41.2"
2024-08-25 20:32:42 [[32minfo[39m]: ::1 - - [25/Aug/2024:19:32:42 +0000] "POST /v1/auth/login HTTP/1.1" 401 - "-" "PostmanRuntime/7.41.2"
2024-08-25 20:32:44 [[32minfo[39m]: ::1 - - [25/Aug/2024:19:32:44 +0000] "POST /v1/auth/login HTTP/1.1" 401 - "-" "PostmanRuntime/7.41.2"
2024-08-25 20:32:49 [[32minfo[39m]: ::1 - - [25/Aug/2024:19:32:49 +0000] "POST /v1/auth/login HTTP/1.1" 401 - "-" "PostmanRuntime/7.41.2"
2024-08-25 20:32:53 [[32minfo[39m]: ::1 - - [25/Aug/2024:19:32:53 +0000] "POST /v1/auth/login HTTP/1.1" 401 - "-" "PostmanRuntime/7.41.2"
2024-08-25 20:33:01 [[32minfo[39m]: ::1 - - [25/Aug/2024:19:33:01 +0000] "POST /v1/auth/login HTTP/1.1" 401 - "-" "PostmanRuntime/7.41.2"
2024-08-25 20:33:30 [[32minfo[39m]: ::1 - - [25/Aug/2024:19:33:30 +0000] "POST /v1/auth/login HTTP/1.1" 401 - "-" "PostmanRuntime/7.41.2"
2024-08-25 20:34:21 [[32minfo[39m]: ::1 - - [25/Aug/2024:19:34:21 +0000] "POST /v1/auth/login HTTP/1.1" 401 - "-" "PostmanRuntime/7.41.2"
2024-08-25 20:34:24 [[32minfo[39m]: ::1 - - [25/Aug/2024:19:34:24 +0000] "POST /v1/auth/login HTTP/1.1" 401 - "-" "PostmanRuntime/7.41.2"
2024-08-25 20:34:33 [[32minfo[39m]: ::1 - - [25/Aug/2024:19:34:33 +0000] "POST /v1/auth/login HTTP/1.1" 200 - "-" "PostmanRuntime/7.41.2"
2024-08-25 20:35:07 [[32minfo[39m]: ::1 - - [25/Aug/2024:19:35:07 +0000] "POST /v1/auth/login HTTP/1.1" 401 - "-" "PostmanRuntime/7.41.2"
2024-08-25 20:35:13 [[32minfo[39m]: ::1 - - [25/Aug/2024:19:35:13 +0000] "POST /v1/auth/login HTTP/1.1" 200 - "-" "PostmanRuntime/7.41.2"
2024-08-25 20:35:17 [[32minfo[39m]: ::1 - - [25/Aug/2024:19:35:17 +0000] "GET /v1/tasks/assign/users/6c1aa66d-8118-48e6-918a-1e322385d3bb HTTP/1.1" 200 - "-" "PostmanRuntime/7.41.2"
2024-08-25 20:35:49 [[32minfo[39m]: ::1 - - [25/Aug/2024:19:35:49 +0000] "POST /v1/auth/login HTTP/1.1" 200 - "-" "PostmanRuntime/7.41.2"
2024-08-25 20:35:54 [[32minfo[39m]: ::1 - - [25/Aug/2024:19:35:54 +0000] "GET /v1/tasks/assign/users/6c1aa66d-8118-48e6-918a-1e322385d3bb HTTP/1.1" 200 - "-" "PostmanRuntime/7.41.2"
2024-08-25 20:36:08 [[32minfo[39m]: ::1 - - [25/Aug/2024:19:36:08 +0000] "GET /v1/tasks/29cc0a9c-0ec0-407f-bb51-f453954f3f8f HTTP/1.1" 404 - "-" "PostmanRuntime/7.41.2"
2024-08-25 20:36:15 [[32minfo[39m]: ::1 - - [25/Aug/2024:19:36:15 +0000] "GET /v1/tasks/077f6a6e-a381-4f87-a006-09134eb71afb HTTP/1.1" 200 - "-" "PostmanRuntime/7.41.2"
2024-08-25 20:36:44 [[32minfo[39m]: ::1 - - [25/Aug/2024:19:36:44 +0000] "PUT /v1/tasks/077f6a6e-a381-4f87-a006-09134eb71afb HTTP/1.1" 200 - "-" "PostmanRuntime/7.41.2"
2024-08-25 20:36:52 [[32minfo[39m]: ::1 - - [25/Aug/2024:19:36:52 +0000] "PUT /v1/tasks/077f6a6e-a381-4f87-a006-09134eb71afb HTTP/1.1" 500 - "-" "PostmanRuntime/7.41.2"
2024-08-25 20:38:44 [[32minfo[39m]: ::1 - - [25/Aug/2024:19:38:44 +0000] "PUT /v1/tasks/077f6a6e-a381-4f87-a006-09134eb71afb HTTP/1.1" 422 - "-" "PostmanRuntime/7.41.2"
2024-08-25 20:38:52 [[32minfo[39m]: ::1 - - [25/Aug/2024:19:38:52 +0000] "PUT /v1/tasks/077f6a6e-a381-4f87-a006-09134eb71afb HTTP/1.1" 422 - "-" "PostmanRuntime/7.41.2"
2024-08-25 20:38:59 [[32minfo[39m]: ::1 - - [25/Aug/2024:19:38:59 +0000] "PUT /v1/tasks/077f6a6e-a381-4f87-a006-09134eb71afb HTTP/1.1" 200 - "-" "PostmanRuntime/7.41.2"
2024-08-25 20:43:15 [[32minfo[39m]: ::1 - - [25/Aug/2024:19:43:15 +0000] "GET /v1/tasks/assign/users/6c1aa66d-8118-48e6-918a-1e322385d3bb?page=1&limit=1 HTTP/1.1" 200 - "-" "PostmanRuntime/7.41.2"
2024-08-25 20:43:29 [[32minfo[39m]: ::1 - - [25/Aug/2024:19:43:29 +0000] "GET /v1/tasks/assign/users/6c1aa66d-8118-48e6-918a-1e322385d3bb?page=2&limit=1 HTTP/1.1" 200 - "-" "PostmanRuntime/7.41.2"
2024-08-25 20:43:47 [[32minfo[39m]: ::1 - - [25/Aug/2024:19:43:47 +0000] "GET /v1/tasks/assign/users/6c1aa66d-8118-48e6-918a-1e322385d3bb?page=2&limit=1&status=COMPLETED HTTP/1.1" 200 - "-" "PostmanRuntime/7.41.2"
2024-08-25 20:43:52 [[32minfo[39m]: ::1 - - [25/Aug/2024:19:43:52 +0000] "GET /v1/tasks/assign/users/6c1aa66d-8118-48e6-918a-1e322385d3bb?page=&limit=1&status=COMPLETED HTTP/1.1" 200 - "-" "PostmanRuntime/7.41.2"
2024-08-25 20:45:51 [[32minfo[39m]: ::1 - - [25/Aug/2024:19:45:51 +0000] "GET /v1/tasks/assign/users/6c1aa66d-8118-48e6-918a-1e322385d3bb?page=&limit=1&status=COMPLETED HTTP/1.1" 403 - "-" "PostmanRuntime/7.41.2"
2024-08-25 20:45:57 [[32minfo[39m]: ::1 - - [25/Aug/2024:19:45:57 +0000] "GET /v1/auth/tokens/refresh HTTP/1.1" 200 - "-" "PostmanRuntime/7.41.2"
2024-08-25 20:46:01 [[32minfo[39m]: ::1 - - [25/Aug/2024:19:46:01 +0000] "GET /v1/tasks/assign/users/6c1aa66d-8118-48e6-918a-1e322385d3bb?page=&limit=1&status=COMPLETED HTTP/1.1" 200 - "-" "PostmanRuntime/7.41.2"
2024-08-25 20:46:27 [[32minfo[39m]: ::1 - - [25/Aug/2024:19:46:27 +0000] "GET /v1/tasks/assign/users/6c1aa66d-8118-48e6-918a-1e322385d3bb?page=3&limit=1&status=COMPLETED HTTP/1.1" 200 - "-" "PostmanRuntime/7.41.2"
2024-08-25 20:46:37 [[32minfo[39m]: ::1 - - [25/Aug/2024:19:46:37 +0000] "GET /v1/tasks/assign/users/6c1aa66d-8118-48e6-918a-1e322385d3bb?page=1&limit=1&status=COMPLETED HTTP/1.1" 200 - "-" "PostmanRuntime/7.41.2"
2024-08-25 20:46:46 [[32minfo[39m]: ::1 - - [25/Aug/2024:19:46:46 +0000] "GET /v1/tasks/assign/users/6c1aa66d-8118-48e6-918a-1e322385d3bb?page=2&limit=1&status=COMPLETED HTTP/1.1" 200 - "-" "PostmanRuntime/7.41.2"
2024-08-25 20:47:14 [[32minfo[39m]: ::1 - - [25/Aug/2024:19:47:14 +0000] "GET /v1/tasks/assign/users/6c1aa66d-8118-48e6-918a-1e322385d3bb?page=1&limit=1&status=IN_PROGRESS HTTP/1.1" 200 - "-" "PostmanRuntime/7.41.2"
2024-08-25 20:47:35 [[32minfo[39m]: ::1 - - [25/Aug/2024:19:47:35 +0000] "GET /v1/tasks/assign/users/6c1aa66d-8118-48e6-918a-1e322385d3bb HTTP/1.1" 200 - "-" "PostmanRuntime/7.41.2"
2024-08-25 20:47:55 [[32minfo[39m]: ::1 - - [25/Aug/2024:19:47:55 +0000] "GET /v1/tasks/assign/users/6c1aa66d-8118-48e6-918a-1e322385d3bb?status=TODO HTTP/1.1" 200 - "-" "PostmanRuntime/7.41.2"
2024-08-25 20:48:19 [[32minfo[39m]: ::1 - - [25/Aug/2024:19:48:19 +0000] "GET /v1/tasks/assign/users/6c1aa66d-8118-48e6-918a-1e322385d3bb?status=TODO&dueDate=2024-09-22 HTTP/1.1" 500 - "-" "PostmanRuntime/7.41.2"
2024-08-25 20:48:49 [[32minfo[39m]: ::1 - - [25/Aug/2024:19:48:49 +0000] "GET /v1/tasks/assign/users/6c1aa66d-8118-48e6-918a-1e322385d3bb?status=TODO&dueDate=2024-09-22 HTTP/1.1" 200 - "-" "PostmanRuntime/7.41.2"
2024-08-25 20:48:56 [[32minfo[39m]: ::1 - - [25/Aug/2024:19:48:56 +0000] "GET /v1/tasks/assign/users/6c1aa66d-8118-48e6-918a-1e322385d3bb?status=TODO&dueDate=2024-09-23 HTTP/1.1" 200 - "-" "PostmanRuntime/7.41.2"
2024-08-25 20:48:58 [[32minfo[39m]: ::1 - - [25/Aug/2024:19:48:58 +0000] "GET /v1/tasks/assign/users/6c1aa66d-8118-48e6-918a-1e322385d3bb?status=TODO&dueDate=2024-09-21 HTTP/1.1" 200 - "-" "PostmanRuntime/7.41.2"
2024-08-25 20:49:01 [[32minfo[39m]: ::1 - - [25/Aug/2024:19:49:01 +0000] "GET /v1/tasks/assign/users/6c1aa66d-8118-48e6-918a-1e322385d3bb?status=TODO HTTP/1.1" 200 - "-" "PostmanRuntime/7.41.2"
2024-08-25 20:50:46 [[32minfo[39m]: ::1 - - [25/Aug/2024:19:50:46 +0000] "GET /v1/tasks/assign/users/6c1aa66d-8118-48e6-918a-1e322385d3bb HTTP/1.1" 200 - "-" "PostmanRuntime/7.41.2"
2024-08-25 20:54:19 [[32minfo[39m]: ::1 - - [25/Aug/2024:19:54:19 +0000] "GET /v1/tasks/assign/users/6c1aa66d-8118-48e6-918a-1e322385d3bb HTTP/1.1" 200 - "-" "PostmanRuntime/7.41.2"
2024-08-25 20:57:25 [[32minfo[39m]: ::1 - - [25/Aug/2024:19:57:25 +0000] "GET /v1/tasks/assign/users/6c1aa66d-8118-48e6-918a-1e322385d3bb HTTP/1.1" 403 - "-" "PostmanRuntime/7.41.2"
2024-08-25 20:57:30 [[32minfo[39m]: ::1 - - [25/Aug/2024:19:57:30 +0000] "GET /v1/auth/tokens/refresh HTTP/1.1" 200 - "-" "PostmanRuntime/7.41.2"
2024-08-25 20:57:35 [[32minfo[39m]: ::1 - - [25/Aug/2024:19:57:35 +0000] "GET /v1/tasks/assign/users/6c1aa66d-8118-48e6-918a-1e322385d3bb HTTP/1.1" 200 - "-" "PostmanRuntime/7.41.2"
